MODE: default
/n/work02/yukanaku/YKANA/include/Settings.h Settings constructor.
argc: 21
/n/work02/yukanaku/YKANA/include/Settings.h  -n
/n/work02/yukanaku/YKANA/include/Settings.h  10000
/n/work02/yukanaku/YKANA/include/Settings.h  -dir
/n/work02/yukanaku/YKANA/include/Settings.h  -outdir
/n/work02/yukanaku/YKANA/include/Settings.h  CentralityCutswhs_K2.4sat2.0_10Kof100K_10BSTR
/n/work02/yukanaku/YKANA/include/Settings.h  -f
/n/work02/yukanaku/YKANA/include/Settings.h  -ext
/n/work02/yukanaku/YKANA/include/Settings.h  --CentralityCut
:)Centrality cut for PbPb.
/n/work02/yukanaku/YKANA/include/Settings.h  2
/n/work02/yukanaku/YKANA/include/Settings.h  --BSTR
/n/work02/yukanaku/YKANA/include/Settings.h  5000
/n/work02/yukanaku/YKANA/include/Settings.h  --npickup_BSTR
/n/work02/yukanaku/YKANA/include/Settings.h  10000
/n/work02/yukanaku/YKANA/include/Settings.h  --EKRTformat
Now EKRT format is assumed for input.
/n/work02/yukanaku/YKANA/include/Settings.h  --EKRTbinary
Reading EKRT binary files...
/n/work02/yukanaku/YKANA/include/Settings.h  --xaxis
/n/work02/yukanaku/YKANA/include/Settings.h  1
Calling Container.
:D iBSTR -- 0
:)Start analysis for centrality cut.
:) Reading 0files.
Trying to read 100000 events from the file /n/work02/yukanaku/mcaa/data/18Apr2024_whs_K2.4sat2.0_allev/jets_0_100_pbpb5020.dat ...
0  in 5000
3  in 5000
8  in 5000
57  in 5000
66  in 5000
84  in 5000
100  in 5000
127  in 5000
142  in 5000
172  in 5000
:)  Loading.... 0% 
/n/work02/yukanaku/YKANA/src/ReadIn.cpp 286 i==samp.0 ... 0
/n/work02/yukanaku/YKANA/src/ReadIn.cpp 283 i<samp.1 ... 3
/n/work02/yukanaku/YKANA/src/ReadIn.cpp 283 i<samp.2 ... 3
/n/work02/yukanaku/YKANA/src/ReadIn.cpp 286 i==samp.3 ... 3
/n/work02/yukanaku/YKANA/src/ReadIn.cpp 283 i<samp.4 ... 8
/n/work02/yukanaku/YKANA/src/ReadIn.cpp 283 i<samp.5 ... 8
/n/work02/yukanaku/YKANA/src/ReadIn.cpp 283 i<samp.6 ... 8
/n/work02/yukanaku/YKANA/src/ReadIn.cpp 283 i<samp.7 ... 8
/n/work02/yukanaku/YKANA/src/ReadIn.cpp 286 i==samp.8 ... 8
/n/work02/yukanaku/YKANA/src/ReadIn.cpp 283 i<samp.9 ... 57
/n/work02/yukanaku/YKANA/src/ReadIn.cpp 283 i<samp.10 ... 57
/n/work02/yukanaku/YKANA/src/ReadIn.cpp 283 i<samp.11 ... 57
/n/work02/yukanaku/YKANA/src/ReadIn.cpp 283 i<samp.12 ... 57
/n/work02/yukanaku/YKANA/src/ReadIn.cpp 283 i<samp.13 ... 57
/n/work02/yukanaku/YKANA/src/ReadIn.cpp 283 i<samp.14 ... 57
/n/work02/yukanaku/YKANA/src/ReadIn.cpp 283 i<samp.15 ... 57
/n/work02/yukanaku/YKANA/src/ReadIn.cpp 283 i<samp.16 ... 57
/n/work02/yukanaku/YKANA/src/ReadIn.cpp 283 i<samp.17 ... 57
/n/work02/yukanaku/YKANA/src/ReadIn.cpp 283 i<samp.18 ... 57
/n/work02/yukanaku/YKANA/src/ReadIn.cpp 283 i<samp.19 ... 57
/n/work02/yukanaku/YKANA/src/ReadIn.cpp 283 i<samp.20 ... 57
/n/work02/yukanaku/YKANA/src/ReadIn.cpp 283 i<samp.21 ... 57
/n/work02/yukanaku/YKANA/src/ReadIn.cpp 283 i<samp.22 ... 57
/n/work02/yukanaku/YKANA/src/ReadIn.cpp 283 i<samp.23 ... 57
/n/work02/yukanaku/YKANA/src/ReadIn.cpp 283 i<samp.24 ... 57
/n/work02/yukanaku/YKANA/src/ReadIn.cpp 283 i<samp.25 ... 57
/n/work02/yukanaku/YKANA/src/ReadIn.cpp 283 i<samp.26 ... 57
/n/work02/yukanaku/YKANA/src/ReadIn.cpp 283 i<samp.27 ... 57
/n/work02/yukanaku/YKANA/src/ReadIn.cpp 283 i<samp.28 ... 57
/n/work02/yukanaku/YKANA/src/ReadIn.cpp 283 i<samp.29 ... 57
/n/work02/yukanaku/YKANA/src/ReadIn.cpp 283 i<samp.30 ... 57
/n/work02/yukanaku/YKANA/src/ReadIn.cpp 283 i<samp.31 ... 57
/n/work02/yukanaku/YKANA/src/ReadIn.cpp 283 i<samp.32 ... 57
/n/work02/yukanaku/YKANA/src/ReadIn.cpp 283 i<samp.33 ... 57
/n/work02/yukanaku/YKANA/src/ReadIn.cpp 283 i<samp.34 ... 57
/n/work02/yukanaku/YKANA/src/ReadIn.cpp 283 i<samp.35 ... 57
/n/work02/yukanaku/YKANA/src/ReadIn.cpp 283 i<samp.36 ... 57
/n/work02/yukanaku/YKANA/src/ReadIn.cpp 283 i<samp.37 ... 57
/n/work02/yukanaku/YKANA/src/ReadIn.cpp 283 i<samp.38 ... 57
/n/work02/yukanaku/YKANA/src/ReadIn.cpp 283 i<samp.39 ... 57
/n/work02/yukanaku/YKANA/src/ReadIn.cpp 283 i<samp.40 ... 57
/n/work02/yukanaku/YKANA/src/ReadIn.cpp 283 i<samp.41 ... 57
/n/work02/yukanaku/YKANA/src/ReadIn.cpp 283 i<samp.42 ... 57
/n/work02/yukanaku/YKANA/src/ReadIn.cpp 283 i<samp.43 ... 57
/n/work02/yukanaku/YKANA/src/ReadIn.cpp 283 i<samp.44 ... 57
/n/work02/yukanaku/YKANA/src/ReadIn.cpp 283 i<samp.45 ... 57
/n/work02/yukanaku/YKANA/src/ReadIn.cpp 283 i<samp.46 ... 57
/n/work02/yukanaku/YKANA/src/ReadIn.cpp 283 i<samp.47 ... 57
/n/work02/yukanaku/YKANA/src/ReadIn.cpp 283 i<samp.48 ... 57
/n/work02/yukanaku/YKANA/src/ReadIn.cpp 283 i<samp.49 ... 57
/n/work02/yukanaku/YKANA/src/ReadIn.cpp 283 i<samp.50 ... 57
/n/work02/yukanaku/YKANA/src/ReadIn.cpp 283 i<samp.51 ... 57
/n/work02/yukanaku/YKANA/src/ReadIn.cpp 283 i<samp.52 ... 57
/n/work02/yukanaku/YKANA/src/ReadIn.cpp 283 i<samp.53 ... 57
/n/work02/yukanaku/YKANA/src/ReadIn.cpp 283 i<samp.54 ... 57
/n/work02/yukanaku/YKANA/src/ReadIn.cpp 283 i<samp.55 ... 57
/n/work02/yukanaku/YKANA/src/ReadIn.cpp 283 i<samp.56 ... 57
/n/work02/yukanaku/YKANA/src/ReadIn.cpp 286 i==samp.57 ... 57
/n/work02/yukanaku/YKANA/src/ReadIn.cpp 283 i<samp.58 ... 66
/n/work02/yukanaku/YKANA/src/ReadIn.cpp 283 i<samp.59 ... 66
/n/work02/yukanaku/YKANA/src/ReadIn.cpp 283 i<samp.60 ... 66
/n/work02/yukanaku/YKANA/src/ReadIn.cpp 283 i<samp.61 ... 66
/n/work02/yukanaku/YKANA/src/ReadIn.cpp 283 i<samp.62 ... 66
/n/work02/yukanaku/YKANA/src/ReadIn.cpp 283 i<samp.63 ... 66
/n/work02/yukanaku/YKANA/src/ReadIn.cpp 283 i<samp.64 ... 66
/n/work02/yukanaku/YKANA/src/ReadIn.cpp 283 i<samp.65 ... 66
/n/work02/yukanaku/YKANA/src/ReadIn.cpp 286 i==samp.66 ... 66
/n/work02/yukanaku/YKANA/src/ReadIn.cpp 283 i<samp.67 ... 84
/n/work02/yukanaku/YKANA/src/ReadIn.cpp 283 i<samp.68 ... 84
/n/work02/yukanaku/YKANA/src/ReadIn.cpp 283 i<samp.69 ... 84
/n/work02/yukanaku/YKANA/src/ReadIn.cpp 283 i<samp.70 ... 84
/n/work02/yukanaku/YKANA/src/ReadIn.cpp 283 i<samp.71 ... 84
/n/work02/yukanaku/YKANA/src/ReadIn.cpp 283 i<samp.72 ... 84
/n/work02/yukanaku/YKANA/src/ReadIn.cpp 283 i<samp.73 ... 84
/n/work02/yukanaku/YKANA/src/ReadIn.cpp 283 i<samp.74 ... 84
/n/work02/yukanaku/YKANA/src/ReadIn.cpp 283 i<samp.75 ... 84
/n/work02/yukanaku/YKANA/src/ReadIn.cpp 283 i<samp.76 ... 84
/n/work02/yukanaku/YKANA/src/ReadIn.cpp 283 i<samp.77 ... 84
/n/work02/yukanaku/YKANA/src/ReadIn.cpp 283 i<samp.78 ... 84
/n/work02/yukanaku/YKANA/src/ReadIn.cpp 283 i<samp.79 ... 84
/n/work02/yukanaku/YKANA/src/ReadIn.cpp 283 i<samp.80 ... 84
/n/work02/yukanaku/YKANA/src/ReadIn.cpp 283 i<samp.81 ... 84
/n/work02/yukanaku/YKANA/src/ReadIn.cpp 283 i<samp.82 ... 84
/n/work02/yukanaku/YKANA/src/ReadIn.cpp 283 i<samp.83 ... 84
/n/work02/yukanaku/YKANA/src/ReadIn.cpp 286 i==samp.84 ... 84
/n/work02/yukanaku/YKANA/src/ReadIn.cpp 283 i<samp.85 ... 100
/n/work02/yukanaku/YKANA/src/ReadIn.cpp 283 i<samp.86 ... 100
/n/work02/yukanaku/YKANA/src/ReadIn.cpp 283 i<samp.87 ... 100
/n/work02/yukanaku/YKANA/src/ReadIn.cpp 283 i<samp.88 ... 100
/n/work02/yukanaku/YKANA/src/ReadIn.cpp 283 i<samp.89 ... 100
/n/work02/yukanaku/YKANA/src/ReadIn.cpp 283 i<samp.90 ... 100
/n/work02/yukanaku/YKANA/src/ReadIn.cpp 283 i<samp.91 ... 100
/n/work02/yukanaku/YKANA/src/ReadIn.cpp 283 i<samp.92 ... 100
/n/work02/yukanaku/YKANA/src/ReadIn.cpp 283 i<samp.93 ... 100
/n/work02/yukanaku/YKANA/src/ReadIn.cpp 283 i<samp.94 ... 100
/n/work02/yukanaku/YKANA/src/ReadIn.cpp 283 i<samp.95 ... 100
/n/work02/yukanaku/YKANA/src/ReadIn.cpp 283 i<samp.96 ... 100
/n/work02/yukanaku/YKANA/src/ReadIn.cpp 283 i<samp.97 ... 100
/n/work02/yukanaku/YKANA/src/ReadIn.cpp 283 i<samp.98 ... 100
/n/work02/yukanaku/YKANA/src/ReadIn.cpp 283 i<samp.99 ... 100
/n/work02/yukanaku/YKANA/src/ReadIn.cpp 286 i==samp.100 ... 100
/n/work02/yukanaku/YKANA/src/ReadIn.cpp 283 i<samp.101 ... 127
/n/work02/yukanaku/YKANA/src/ReadIn.cpp 283 i<samp.102 ... 127
/n/work02/yukanaku/YKANA/src/ReadIn.cpp 283 i<samp.103 ... 127
/n/work02/yukanaku/YKANA/src/ReadIn.cpp 283 i<samp.104 ... 127
/n/work02/yukanaku/YKANA/src/ReadIn.cpp 283 i<samp.105 ... 127
/n/work02/yukanaku/YKANA/src/ReadIn.cpp 283 i<samp.106 ... 127
/n/work02/yukanaku/YKANA/src/ReadIn.cpp 283 i<samp.107 ... 127
/n/work02/yukanaku/YKANA/src/ReadIn.cpp 283 i<samp.108 ... 127
/n/work02/yukanaku/YKANA/src/ReadIn.cpp 283 i<samp.109 ... 127
/n/work02/yukanaku/YKANA/src/ReadIn.cpp 283 i<samp.110 ... 127
/n/work02/yukanaku/YKANA/src/ReadIn.cpp 283 i<samp.111 ... 127
/n/work02/yukanaku/YKANA/src/ReadIn.cpp 283 i<samp.112 ... 127
/n/work02/yukanaku/YKANA/src/ReadIn.cpp 283 i<samp.113 ... 127
/n/work02/yukanaku/YKANA/src/ReadIn.cpp 283 i<samp.114 ... 127
/n/work02/yukanaku/YKANA/src/ReadIn.cpp 283 i<samp.115 ... 127
/n/work02/yukanaku/YKANA/src/ReadIn.cpp 283 i<samp.116 ... 127
/n/work02/yukanaku/YKANA/src/ReadIn.cpp 283 i<samp.117 ... 127
/n/work02/yukanaku/YKANA/src/ReadIn.cpp 283 i<samp.118 ... 127
/n/work02/yukanaku/YKANA/src/ReadIn.cpp 283 i<samp.119 ... 127
/n/work02/yukanaku/YKANA/src/ReadIn.cpp 283 i<samp.120 ... 127
/n/work02/yukanaku/YKANA/src/ReadIn.cpp 283 i<samp.121 ... 127
/n/work02/yukanaku/YKANA/src/ReadIn.cpp 283 i<samp.122 ... 127
/n/work02/yukanaku/YKANA/src/ReadIn.cpp 283 i<samp.123 ... 127
/n/work02/yukanaku/YKANA/src/ReadIn.cpp 283 i<samp.124 ... 127
/n/work02/yukanaku/YKANA/src/ReadIn.cpp 283 i<samp.125 ... 127
/n/work02/yukanaku/YKANA/src/ReadIn.cpp 283 i<samp.126 ... 127
/n/work02/yukanaku/YKANA/src/ReadIn.cpp 286 i==samp.127 ... 127
/n/work02/yukanaku/YKANA/src/ReadIn.cpp 283 i<samp.128 ... 142
/n/work02/yukanaku/YKANA/src/ReadIn.cpp 283 i<samp.129 ... 142
/n/work02/yukanaku/YKANA/src/ReadIn.cpp 283 i<samp.130 ... 142
/n/work02/yukanaku/YKANA/src/ReadIn.cpp 283 i<samp.131 ... 142
/n/work02/yukanaku/YKANA/src/ReadIn.cpp 283 i<samp.132 ... 142
/n/work02/yukanaku/YKANA/src/ReadIn.cpp 283 i<samp.133 ... 142
/n/work02/yukanaku/YKANA/src/ReadIn.cpp 283 i<samp.134 ... 142
/n/work02/yukanaku/YKANA/src/ReadIn.cpp 283 i<samp.135 ... 142
/n/work02/yukanaku/YKANA/src/ReadIn.cpp 283 i<samp.136 ... 142
/n/work02/yukanaku/YKANA/src/ReadIn.cpp 283 i<samp.137 ... 142
/n/work02/yukanaku/YKANA/src/ReadIn.cpp 283 i<samp.138 ... 142
/n/work02/yukanaku/YKANA/src/ReadIn.cpp 283 i<samp.139 ... 142
/n/work02/yukanaku/YKANA/src/ReadIn.cpp 283 i<samp.140 ... 142
/n/work02/yukanaku/YKANA/src/ReadIn.cpp 283 i<samp.141 ... 142
/n/work02/yukanaku/YKANA/src/ReadIn.cpp 286 i==samp.142 ... 142
/n/work02/yukanaku/YKANA/src/ReadIn.cpp 283 i<samp.143 ... 172
/n/work02/yukanaku/YKANA/src/ReadIn.cpp 283 i<samp.144 ... 172
/n/work02/yukanaku/YKANA/src/ReadIn.cpp 283 i<samp.145 ... 172
/n/work02/yukanaku/YKANA/src/ReadIn.cpp 283 i<samp.146 ... 172
/n/work02/yukanaku/YKANA/src/ReadIn.cpp 283 i<samp.147 ... 172
/n/work02/yukanaku/YKANA/src/ReadIn.cpp 283 i<samp.148 ... 172
/n/work02/yukanaku/YKANA/src/ReadIn.cpp 283 i<samp.149 ... 172
/n/work02/yukanaku/YKANA/src/ReadIn.cpp 283 i<samp.150 ... 172
/n/work02/yukanaku/YKANA/src/ReadIn.cpp 283 i<samp.151 ... 172
/n/work02/yukanaku/YKANA/src/ReadIn.cpp 283 i<samp.152 ... 172
/n/work02/yukanaku/YKANA/src/ReadIn.cpp 283 i<samp.153 ... 172
/n/work02/yukanaku/YKANA/src/ReadIn.cpp 283 i<samp.154 ... 172
/n/work02/yukanaku/YKANA/src/ReadIn.cpp 283 i<samp.155 ... 172
/n/work02/yukanaku/YKANA/src/ReadIn.cpp 283 i<samp.156 ... 172
/n/work02/yukanaku/YKANA/src/ReadIn.cpp 283 i<samp.157 ... 172
/n/work02/yukanaku/YKANA/src/ReadIn.cpp 283 i<samp.158 ... 172
/n/work02/yukanaku/YKANA/src/ReadIn.cpp 283 i<samp.159 ... 172
/n/work02/yukanaku/YKANA/src/ReadIn.cpp 283 i<samp.160 ... 172
/n/work02/yukanaku/YKANA/src/ReadIn.cpp 283 i<samp.161 ... 172
/n/work02/yukanaku/YKANA/src/ReadIn.cpp 283 i<samp.162 ... 172
/n/work02/yukanaku/YKANA/src/ReadIn.cpp 283 i<samp.163 ... 172
/n/work02/yukanaku/YKANA/src/ReadIn.cpp 283 i<samp.164 ... 172
/n/work02/yukanaku/YKANA/src/ReadIn.cpp 283 i<samp.165 ... 172
/n/work02/yukanaku/YKANA/src/ReadIn.cpp 283 i<samp.166 ... 172
/n/work02/yukanaku/YKANA/src/ReadIn.cpp 283 i<samp.167 ... 172
/n/work02/yukanaku/YKANA/src/ReadIn.cpp 283 i<samp.168 ... 172
/n/work02/yukanaku/YKANA/src/ReadIn.cpp 283 i<samp.169 ... 172
/n/work02/yukanaku/YKANA/src/ReadIn.cpp 283 i<samp.170 ... 172
/n/work02/yukanaku/YKANA/src/ReadIn.cpp 283 i<samp.171 ... 172
/n/work02/yukanaku/YKANA/src/ReadIn.cpp 286 i==samp.172 ... 172
/n/work02/yukanaku/YKANA/src/ReadIn.cpp 283 i<samp.173 ... 184
/n/work02/yukanaku/YKANA/src/ReadIn.cpp 283 i<samp.174 ... 184
/n/work02/yukanaku/YKANA/src/ReadIn.cpp 283 i<samp.175 ... 184
/n/work02/yukanaku/YKANA/src/ReadIn.cpp 283 i<samp.176 ... 184
/n/work02/yukanaku/YKANA/src/ReadIn.cpp 283 i<samp.177 ... 184
/n/work02/yukanaku/YKANA/src/ReadIn.cpp 283 i<samp.178 ... 184
/n/work02/yukanaku/YKANA/src/ReadIn.cpp 283 i<samp.179 ... 184
/n/work02/yukanaku/YKANA/src/ReadIn.cpp 283 i<samp.180 ... 184
/n/work02/yukanaku/YKANA/src/ReadIn.cpp 283 i<samp.181 ... 184
/n/work02/yukanaku/YKANA/src/ReadIn.cpp 283 i<samp.182 ... 184
/n/work02/yukanaku/YKANA/src/ReadIn.cpp 283 i<samp.183 ... 184
/n/work02/yukanaku/YKANA/src/ReadIn.cpp 286 i==samp.184 ... 184
/n/work02/yukanaku/YKANA/src/ReadIn.cpp 283 i<samp.185 ... 214
/n/work02/yukanaku/YKANA/src/ReadIn.cpp 283 i<samp.186 ... 214
/n/work02/yukanaku/YKANA/src/ReadIn.cpp 283 i<samp.187 ... 214
/n/work02/yukanaku/YKANA/src/ReadIn.cpp 283 i<samp.188 ... 214
/n/work02/yukanaku/YKANA/src/ReadIn.cpp 283 i<samp.189 ... 214
/n/work02/yukanaku/YKANA/src/ReadIn.cpp 283 i<samp.190 ... 214
/n/work02/yukanaku/YKANA/src/ReadIn.cpp 283 i<samp.191 ... 214
/n/work02/yukanaku/YKANA/src/ReadIn.cpp 283 i<samp.192 ... 214
/n/work02/yukanaku/YKANA/src/ReadIn.cpp 283 i<samp.193 ... 214
/n/work02/yukanaku/YKANA/src/ReadIn.cpp 283 i<samp.194 ... 214
/n/work02/yukanaku/YKANA/src/ReadIn.cpp 283 i<samp.195 ... 214
/n/work02/yukanaku/YKANA/src/ReadIn.cpp 283 i<samp.196 ... 214
/n/work02/yukanaku/YKANA/src/ReadIn.cpp 283 i<samp.197 ... 214
/n/work02/yukanaku/YKANA/src/ReadIn.cpp 283 i<samp.198 ... 214
/n/work02/yukanaku/YKANA/src/ReadIn.cpp 283 i<samp.199 ... 214
/n/work02/yukanaku/YKANA/src/ReadIn.cpp 283 i<samp.200 ... 214
/n/work02/yukanaku/YKANA/src/ReadIn.cpp 283 i<samp.201 ... 214
/n/work02/yukanaku/YKANA/src/ReadIn.cpp 283 i<samp.202 ... 214
/n/work02/yukanaku/YKANA/src/ReadIn.cpp 283 i<samp.203 ... 214
/n/work02/yukanaku/YKANA/src/ReadIn.cpp 283 i<samp.204 ... 214
/n/work02/yukanaku/YKANA/src/ReadIn.cpp 283 i<samp.205 ... 214
/n/work02/yukanaku/YKANA/src/ReadIn.cpp 283 i<samp.206 ... 214
/n/work02/yukanaku/YKANA/src/ReadIn.cpp 283 i<samp.207 ... 214
/n/work02/yukanaku/YKANA/src/ReadIn.cpp 283 i<samp.208 ... 214
/n/work02/yukanaku/YKANA/src/ReadIn.cpp 283 i<samp.209 ... 214
/n/work02/yukanaku/YKANA/src/ReadIn.cpp 283 i<samp.210 ... 214
/n/work02/yukanaku/YKANA/src/ReadIn.cpp 283 i<samp.211 ... 214
/n/work02/yukanaku/YKANA/src/ReadIn.cpp 283 i<samp.212 ... 214
/n/work02/yukanaku/YKANA/src/ReadIn.cpp 283 i<samp.213 ... 214
/n/work02/yukanaku/YKANA/src/ReadIn.cpp 286 i==samp.214 ... 214
/n/work02/yukanaku/YKANA/src/ReadIn.cpp 283 i<samp.215 ... 220
/n/work02/yukanaku/YKANA/src/ReadIn.cpp 283 i<samp.216 ... 220
/n/work02/yukanaku/YKANA/src/ReadIn.cpp 283 i<samp.217 ... 220
/n/work02/yukanaku/YKANA/src/ReadIn.cpp 283 i<samp.218 ... 220
/n/work02/yukanaku/YKANA/src/ReadIn.cpp 283 i<samp.219 ... 220
/n/work02/yukanaku/YKANA/src/ReadIn.cpp 286 i==samp.220 ... 220
/n/work02/yukanaku/YKANA/src/ReadIn.cpp 283 i<samp.221 ... 226
/n/work02/yukanaku/YKANA/src/ReadIn.cpp 283 i<samp.222 ... 226
/n/work02/yukanaku/YKANA/src/ReadIn.cpp 283 i<samp.223 ... 226
/n/work02/yukanaku/YKANA/src/ReadIn.cpp 283 i<samp.224 ... 226
/n/work02/yukanaku/YKANA/src/ReadIn.cpp 283 i<samp.225 ... 226
/n/work02/yukanaku/YKANA/src/ReadIn.cpp 286 i==samp.226 ... 226
/n/work02/yukanaku/YKANA/src/ReadIn.cpp 283 i<samp.227 ... 235
/n/work02/yukanaku/YKANA/src/ReadIn.cpp 283 i<samp.228 ... 235
/n/work02/yukanaku/YKANA/src/ReadIn.cpp 283 i<samp.229 ... 235
/n/work02/yukanaku/YKANA/src/ReadIn.cpp 283 i<samp.230 ... 235
/n/work02/yukanaku/YKANA/src/ReadIn.cpp 283 i<samp.231 ... 235
/n/work02/yukanaku/YKANA/src/ReadIn.cpp 283 i<samp.232 ... 235
/n/work02/yukanaku/YKANA/src/ReadIn.cpp 283 i<samp.233 ... 235
/n/work02/yukanaku/YKANA/src/ReadIn.cpp 283 i<samp.234 ... 235
/n/work02/yukanaku/YKANA/src/ReadIn.cpp 286 i==samp.235 ... 235
/n/work02/yukanaku/YKANA/src/ReadIn.cpp 286 i==samp.236 ... 236
/n/work02/yukanaku/YKANA/src/ReadIn.cpp 283 i<samp.237 ... 269
/n/work02/yukanaku/YKANA/src/ReadIn.cpp 283 i<samp.238 ... 269
/n/work02/yukanaku/YKANA/src/ReadIn.cpp 283 i<samp.239 ... 269
/n/work02/yukanaku/YKANA/src/ReadIn.cpp 283 i<samp.240 ... 269
/n/work02/yukanaku/YKANA/src/ReadIn.cpp 283 i<samp.241 ... 269
/n/work02/yukanaku/YKANA/src/ReadIn.cpp 283 i<samp.242 ... 269
/n/work02/yukanaku/YKANA/src/ReadIn.cpp 283 i<samp.243 ... 269
/n/work02/yukanaku/YKANA/src/ReadIn.cpp 283 i<samp.244 ... 269
/n/work02/yukanaku/YKANA/src/ReadIn.cpp 283 i<samp.245 ... 269
/n/work02/yukanaku/YKANA/src/ReadIn.cpp 283 i<samp.246 ... 269
/n/work02/yukanaku/YKANA/src/ReadIn.cpp 283 i<samp.247 ... 269
/n/work02/yukanaku/YKANA/src/ReadIn.cpp 283 i<samp.248 ... 269
/n/work02/yukanaku/YKANA/src/ReadIn.cpp 283 i<samp.249 ... 269
/n/work02/yukanaku/YKANA/src/ReadIn.cpp 283 i<samp.250 ... 269
/n/work02/yukanaku/YKANA/src/ReadIn.cpp 283 i<samp.251 ... 269
/n/work02/yukanaku/YKANA/src/ReadIn.cpp 283 i<samp.252 ... 269
/n/work02/yukanaku/YKANA/src/ReadIn.cpp 283 i<samp.253 ... 269
/n/work02/yukanaku/YKANA/src/ReadIn.cpp 283 i<samp.254 ... 269
/n/work02/yukanaku/YKANA/src/ReadIn.cpp 283 i<samp.255 ... 269
/n/work02/yukanaku/YKANA/src/ReadIn.cpp 283 i<samp.256 ... 269
/n/work02/yukanaku/YKANA/src/ReadIn.cpp 283 i<samp.257 ... 269
/n/work02/yukanaku/YKANA/src/ReadIn.cpp 283 i<samp.258 ... 269
/n/work02/yukanaku/YKANA/src/ReadIn.cpp 283 i<samp.259 ... 269
/n/work02/yukanaku/YKANA/src/ReadIn.cpp 283 i<samp.260 ... 269
/n/work02/yukanaku/YKANA/src/ReadIn.cpp 283 i<samp.261 ... 269
/n/work02/yukanaku/YKANA/src/ReadIn.cpp 283 i<samp.262 ... 269
/n/work02/yukanaku/YKANA/src/ReadIn.cpp 283 i<samp.263 ... 269
/n/work02/yukanaku/YKANA/src/ReadIn.cpp 283 i<samp.264 ... 269
/n/work02/yukanaku/YKANA/src/ReadIn.cpp 283 i<samp.265 ... 269
/n/work02/yukanaku/YKANA/src/ReadIn.cpp 283 i<samp.266 ... 269
/n/work02/yukanaku/YKANA/src/ReadIn.cpp 283 i<samp.267 ... 269
/n/work02/yukanaku/YKANA/src/ReadIn.cpp 283 i<samp.268 ... 269
/n/work02/yukanaku/YKANA/src/ReadIn.cpp 286 i==samp.269 ... 269
/n/work02/yukanaku/YKANA/src/ReadIn.cpp 283 i<samp.270 ... 273
/n/work02/yukanaku/YKANA/src/ReadIn.cpp 283 i<samp.271 ... 273
/n/work02/yukanaku/YKANA/src/ReadIn.cpp 283 i<samp.272 ... 273
/n/work02/yukanaku/YKANA/src/ReadIn.cpp 286 i==samp.273 ... 273
/n/work02/yukanaku/YKANA/src/ReadIn.cpp 283 i<samp.274 ... 329
/n/work02/yukanaku/YKANA/src/ReadIn.cpp 283 i<samp.275 ... 329
/n/work02/yukanaku/YKANA/src/ReadIn.cpp 283 i<samp.276 ... 329
/n/work02/yukanaku/YKANA/src/ReadIn.cpp 283 i<samp.277 ... 329
/n/work02/yukanaku/YKANA/src/ReadIn.cpp 283 i<samp.278 ... 329
/n/work02/yukanaku/YKANA/src/ReadIn.cpp 283 i<samp.279 ... 329
/n/work02/yukanaku/YKANA/src/ReadIn.cpp 283 i<samp.280 ... 329
/n/work02/yukanaku/YKANA/src/ReadIn.cpp 283 i<samp.281 ... 329
/n/work02/yukanaku/YKANA/src/ReadIn.cpp 283 i<samp.282 ... 329
/n/work02/yukanaku/YKANA/src/ReadIn.cpp 283 i<samp.283 ... 329
/n/work02/yukanaku/YKANA/src/ReadIn.cpp 283 i<samp.284 ... 329
/n/work02/yukanaku/YKANA/src/ReadIn.cpp 283 i<samp.285 ... 329
/n/work02/yukanaku/YKANA/src/ReadIn.cpp 283 i<samp.286 ... 329
/n/work02/yukanaku/YKANA/src/ReadIn.cpp 283 i<samp.287 ... 329
/n/work02/yukanaku/YKANA/src/ReadIn.cpp 283 i<samp.288 ... 329
/n/work02/yukanaku/YKANA/src/ReadIn.cpp 283 i<samp.289 ... 329
/n/work02/yukanaku/YKANA/src/ReadIn.cpp 283 i<samp.290 ... 329
/n/work02/yukanaku/YKANA/src/ReadIn.cpp 283 i<samp.291 ... 329
/n/work02/yukanaku/YKANA/src/ReadIn.cpp 283 i<samp.292 ... 329
/n/work02/yukanaku/YKANA/src/ReadIn.cpp 283 i<samp.293 ... 329
/n/work02/yukanaku/YKANA/src/ReadIn.cpp 283 i<samp.294 ... 329
/n/work02/yukanaku/YKANA/src/ReadIn.cpp 283 i<samp.295 ... 329
/n/work02/yukanaku/YKANA/src/ReadIn.cpp 283 i<samp.296 ... 329
/n/work02/yukanaku/YKANA/src/ReadIn.cpp 283 i<samp.297 ... 329
/n/work02/yukanaku/YKANA/src/ReadIn.cpp 283 i<samp.298 ... 329
/n/work02/yukanaku/YKANA/src/ReadIn.cpp 283 i<samp.299 ... 329
/n/work02/yukanaku/YKANA/src/ReadIn.cpp 283 i<samp.300 ... 329
/n/work02/yukanaku/YKANA/src/ReadIn.cpp 283 i<samp.301 ... 329
/n/work02/yukanaku/YKANA/src/ReadIn.cpp 283 i<samp.302 ... 329
/n/work02/yukanaku/YKANA/src/ReadIn.cpp 283 i<samp.303 ... 329
/n/work02/yukanaku/YKANA/src/ReadIn.cpp 283 i<samp.304 ... 329
/n/work02/yukanaku/YKANA/src/ReadIn.cpp 283 i<samp.305 ... 329
/n/work02/yukanaku/YKANA/src/ReadIn.cpp 283 i<samp.306 ... 329
/n/work02/yukanaku/YKANA/src/ReadIn.cpp 283 i<samp.307 ... 329
/n/work02/yukanaku/YKANA/src/ReadIn.cpp 283 i<samp.308 ... 329
/n/work02/yukanaku/YKANA/src/ReadIn.cpp 283 i<samp.309 ... 329
/n/work02/yukanaku/YKANA/src/ReadIn.cpp 283 i<samp.310 ... 329
/n/work02/yukanaku/YKANA/src/ReadIn.cpp 283 i<samp.311 ... 329
/n/work02/yukanaku/YKANA/src/ReadIn.cpp 283 i<samp.312 ... 329
/n/work02/yukanaku/YKANA/src/ReadIn.cpp 283 i<samp.313 ... 329
/n/work02/yukanaku/YKANA/src/ReadIn.cpp 283 i<samp.314 ... 329
/n/work02/yukanaku/YKANA/src/ReadIn.cpp 283 i<samp.315 ... 329
/n/work02/yukanaku/YKANA/src/ReadIn.cpp 283 i<samp.316 ... 329
/n/work02/yukanaku/YKANA/src/ReadIn.cpp 283 i<samp.317 ... 329
/n/work02/yukanaku/YKANA/src/ReadIn.cpp 283 i<samp.318 ... 329
/n/work02/yukanaku/YKANA/src/ReadIn.cpp 283 i<samp.319 ... 329
/n/work02/yukanaku/YKANA/src/ReadIn.cpp 283 i<samp.320 ... 329
/n/work02/yukanaku/YKANA/src/ReadIn.cpp 283 i<samp.321 ... 329
/n/work02/yukanaku/YKANA/src/ReadIn.cpp 283 i<samp.322 ... 329
/n/work02/yukanaku/YKANA/src/ReadIn.cpp 283 i<samp.323 ... 329
/n/work02/yukanaku/YKANA/src/ReadIn.cpp 283 i<samp.324 ... 329
/n/work02/yukanaku/YKANA/src/ReadIn.cpp 283 i<samp.325 ... 329
/n/work02/yukanaku/YKANA/src/ReadIn.cpp 283 i<samp.326 ... 329
/n/work02/yukanaku/YKANA/src/ReadIn.cpp 283 i<samp.327 ... 329
/n/work02/yukanaku/YKANA/src/ReadIn.cpp 283 i<samp.328 ... 329
/n/work02/yukanaku/YKANA/src/ReadIn.cpp 286 i==samp.329 ... 329
/n/work02/yukanaku/YKANA/src/ReadIn.cpp 283 i<samp.330 ... 343
/n/work02/yukanaku/YKANA/src/ReadIn.cpp 283 i<samp.331 ... 343
/n/work02/yukanaku/YKANA/src/ReadIn.cpp 283 i<samp.332 ... 343
/n/work02/yukanaku/YKANA/src/ReadIn.cpp 283 i<samp.333 ... 343
/n/work02/yukanaku/YKANA/src/ReadIn.cpp 283 i<samp.334 ... 343
/n/work02/yukanaku/YKANA/src/ReadIn.cpp 283 i<samp.335 ... 343
/n/work02/yukanaku/YKANA/src/ReadIn.cpp 283 i<samp.336 ... 343
/n/work02/yukanaku/YKANA/src/ReadIn.cpp 283 i<samp.337 ... 343
/n/work02/yukanaku/YKANA/src/ReadIn.cpp 283 i<samp.338 ... 343
/n/work02/yukanaku/YKANA/src/ReadIn.cpp 283 i<samp.339 ... 343
/n/work02/yukanaku/YKANA/src/ReadIn.cpp 283 i<samp.340 ... 343
/n/work02/yukanaku/YKANA/src/ReadIn.cpp 283 i<samp.341 ... 343
/n/work02/yukanaku/YKANA/src/ReadIn.cpp 283 i<samp.342 ... 343
/n/work02/yukanaku/YKANA/src/ReadIn.cpp 286 i==samp.343 ... 343
/n/work02/yukanaku/YKANA/src/ReadIn.cpp 283 i<samp.344 ... 384
/n/work02/yukanaku/YKANA/src/ReadIn.cpp 283 i<samp.345 ... 384
/n/work02/yukanaku/YKANA/src/ReadIn.cpp 283 i<samp.346 ... 384
/n/work02/yukanaku/YKANA/src/ReadIn.cpp 283 i<samp.347 ... 384
/n/work02/yukanaku/YKANA/src/ReadIn.cpp 283 i<samp.348 ... 384
/n/work02/yukanaku/YKANA/src/ReadIn.cpp 283 i<samp.349 ... 384
/n/work02/yukanaku/YKANA/src/ReadIn.cpp 283 i<samp.350 ... 384
/n/work02/yukanaku/YKANA/src/ReadIn.cpp 283 i<samp.351 ... 384
/n/work02/yukanaku/YKANA/src/ReadIn.cpp 283 i<samp.352 ... 384
/n/work02/yukanaku/YKANA/src/ReadIn.cpp 283 i<samp.353 ... 384
/n/work02/yukanaku/YKANA/src/ReadIn.cpp 283 i<samp.354 ... 384
/n/work02/yukanaku/YKANA/src/ReadIn.cpp 283 i<samp.355 ... 384
/n/work02/yukanaku/YKANA/src/ReadIn.cpp 283 i<samp.356 ... 384
/n/work02/yukanaku/YKANA/src/ReadIn.cpp 283 i<samp.357 ... 384
/n/work02/yukanaku/YKANA/src/ReadIn.cpp 283 i<samp.358 ... 384
/n/work02/yukanaku/YKANA/src/ReadIn.cpp 283 i<samp.359 ... 384
/n/work02/yukanaku/YKANA/src/ReadIn.cpp 283 i<samp.360 ... 384
/n/work02/yukanaku/YKANA/src/ReadIn.cpp 283 i<samp.361 ... 384
/n/work02/yukanaku/YKANA/src/ReadIn.cpp 283 i<samp.362 ... 384
/n/work02/yukanaku/YKANA/src/ReadIn.cpp 283 i<samp.363 ... 384
/n/work02/yukanaku/YKANA/src/ReadIn.cpp 283 i<samp.364 ... 384
/n/work02/yukanaku/YKANA/src/ReadIn.cpp 283 i<samp.365 ... 384
/n/work02/yukanaku/YKANA/src/ReadIn.cpp 283 i<samp.366 ... 384
/n/work02/yukanaku/YKANA/src/ReadIn.cpp 283 i<samp.367 ... 384
/n/work02/yukanaku/YKANA/src/ReadIn.cpp 283 i<samp.368 ... 384
/n/work02/yukanaku/YKANA/src/ReadIn.cpp 283 i<samp.369 ... 384
/n/work02/yukanaku/YKANA/src/ReadIn.cpp 283 i<samp.370 ... 384
/n/work02/yukanaku/YKANA/src/ReadIn.cpp 283 i<samp.371 ... 384
/n/work02/yukanaku/YKANA/src/ReadIn.cpp 283 i<samp.372 ... 384
/n/work02/yukanaku/YKANA/src/ReadIn.cpp 283 i<samp.373 ... 384
/n/work02/yukanaku/YKANA/src/ReadIn.cpp 283 i<samp.374 ... 384
/n/work02/yukanaku/YKANA/src/ReadIn.cpp 283 i<samp.375 ... 384
/n/work02/yukanaku/YKANA/src/ReadIn.cpp 283 i<samp.376 ... 384
/n/work02/yukanaku/YKANA/src/ReadIn.cpp 283 i<samp.377 ... 384
/n/work02/yukanaku/YKANA/src/ReadIn.cpp 283 i<samp.378 ... 384
/n/work02/yukanaku/YKANA/src/ReadIn.cpp 283 i<samp.379 ... 384
/n/work02/yukanaku/YKANA/src/ReadIn.cpp 283 i<samp.380 ... 384
/n/work02/yukanaku/YKANA/src/ReadIn.cpp 283 i<samp.381 ... 384
/n/work02/yukanaku/YKANA/src/ReadIn.cpp 283 i<samp.382 ... 384
/n/work02/yukanaku/YKANA/src/ReadIn.cpp 283 i<samp.383 ... 384
/n/work02/yukanaku/YKANA/src/ReadIn.cpp 286 i==samp.384 ... 384
/n/work02/yukanaku/YKANA/src/ReadIn.cpp 283 i<samp.385 ... 413
/n/work02/yukanaku/YKANA/src/ReadIn.cpp 283 i<samp.386 ... 413
/n/work02/yukanaku/YKANA/src/ReadIn.cpp 283 i<samp.387 ... 413
/n/work02/yukanaku/YKANA/src/ReadIn.cpp 283 i<samp.388 ... 413
/n/work02/yukanaku/YKANA/src/ReadIn.cpp 283 i<samp.389 ... 413
/n/work02/yukanaku/YKANA/src/ReadIn.cpp 283 i<samp.390 ... 413
/n/work02/yukanaku/YKANA/src/ReadIn.cpp 283 i<samp.391 ... 413
/n/work02/yukanaku/YKANA/src/ReadIn.cpp 283 i<samp.392 ... 413
/n/work02/yukanaku/YKANA/src/ReadIn.cpp 283 i<samp.393 ... 413
/n/work02/yukanaku/YKANA/src/ReadIn.cpp 283 i<samp.394 ... 413
/n/work02/yukanaku/YKANA/src/ReadIn.cpp 283 i<samp.395 ... 413
/n/work02/yukanaku/YKANA/src/ReadIn.cpp 283 i<samp.396 ... 413
/n/work02/yukanaku/YKANA/src/ReadIn.cpp 283 i<samp.397 ... 413
/n/work02/yukanaku/YKANA/src/ReadIn.cpp 283 i<samp.398 ... 413
/n/work02/yukanaku/YKANA/src/ReadIn.cpp 283 i<samp.399 ... 413
/n/work02/yukanaku/YKANA/src/ReadIn.cpp 283 i<samp.400 ... 413
/n/work02/yukanaku/YKANA/src/ReadIn.cpp 283 i<samp.401 ... 413
/n/work02/yukanaku/YKANA/src/ReadIn.cpp 283 i<samp.402 ... 413
/n/work02/yukanaku/YKANA/src/ReadIn.cpp 283 i<samp.403 ... 413
/n/work02/yukanaku/YKANA/src/ReadIn.cpp 283 i<samp.404 ... 413
/n/work02/yukanaku/YKANA/src/ReadIn.cpp 283 i<samp.405 ... 413
/n/work02/yukanaku/YKANA/src/ReadIn.cpp 283 i<samp.406 ... 413
/n/work02/yukanaku/YKANA/src/ReadIn.cpp 283 i<samp.407 ... 413
/n/work02/yukanaku/YKANA/src/ReadIn.cpp 283 i<samp.408 ... 413
/n/work02/yukanaku/YKANA/src/ReadIn.cpp 283 i<samp.409 ... 413
/n/work02/yukanaku/YKANA/src/ReadIn.cpp 283 i<samp.410 ... 413
/n/work02/yukanaku/YKANA/src/ReadIn.cpp 283 i<samp.411 ... 413
/n/work02/yukanaku/YKANA/src/ReadIn.cpp 283 i<samp.412 ... 413
/n/work02/yukanaku/YKANA/src/ReadIn.cpp 286 i==samp.413 ... 413
/n/work02/yukanaku/YKANA/src/ReadIn.cpp 283 i<samp.414 ... 449
/n/work02/yukanaku/YKANA/src/ReadIn.cpp 283 i<samp.415 ... 449
/n/work02/yukanaku/YKANA/src/ReadIn.cpp 283 i<samp.416 ... 449
/n/work02/yukanaku/YKANA/src/ReadIn.cpp 283 i<samp.417 ... 449
/n/work02/yukanaku/YKANA/src/ReadIn.cpp 283 i<samp.418 ... 449
/n/work02/yukanaku/YKANA/src/ReadIn.cpp 283 i<samp.419 ... 449
/n/work02/yukanaku/YKANA/src/ReadIn.cpp 283 i<samp.420 ... 449
/n/work02/yukanaku/YKANA/src/ReadIn.cpp 283 i<samp.421 ... 449
/n/work02/yukanaku/YKANA/src/ReadIn.cpp 283 i<samp.422 ... 449
/n/work02/yukanaku/YKANA/src/ReadIn.cpp 283 i<samp.423 ... 449
/n/work02/yukanaku/YKANA/src/ReadIn.cpp 283 i<samp.424 ... 449
/n/work02/yukanaku/YKANA/src/ReadIn.cpp 283 i<samp.425 ... 449
/n/work02/yukanaku/YKANA/src/ReadIn.cpp 283 i<samp.426 ... 449
/n/work02/yukanaku/YKANA/src/ReadIn.cpp 283 i<samp.427 ... 449
/n/work02/yukanaku/YKANA/src/ReadIn.cpp 283 i<samp.428 ... 449
/n/work02/yukanaku/YKANA/src/ReadIn.cpp 283 i<samp.429 ... 449
/n/work02/yukanaku/YKANA/src/ReadIn.cpp 283 i<samp.430 ... 449
/n/work02/yukanaku/YKANA/src/ReadIn.cpp 283 i<samp.431 ... 449
/n/work02/yukanaku/YKANA/src/ReadIn.cpp 283 i<samp.432 ... 449
/n/work02/yukanaku/YKANA/src/ReadIn.cpp 283 i<samp.433 ... 449
/n/work02/yukanaku/YKANA/src/ReadIn.cpp 283 i<samp.434 ... 449
/n/work02/yukanaku/YKANA/src/ReadIn.cpp 283 i<samp.435 ... 449
/n/work02/yukanaku/YKANA/src/ReadIn.cpp 283 i<samp.436 ... 449
/n/work02/yukanaku/YKANA/src/ReadIn.cpp 283 i<samp.437 ... 449
/n/work02/yukanaku/YKANA/src/ReadIn.cpp 283 i<samp.438 ... 449
/n/work02/yukanaku/YKANA/src/ReadIn.cpp 283 i<samp.439 ... 449
/n/work02/yukanaku/YKANA/src/ReadIn.cpp 283 i<samp.440 ... 449
/n/work02/yukanaku/YKANA/src/ReadIn.cpp 283 i<samp.441 ... 449
/n/work02/yukanaku/YKANA/src/ReadIn.cpp 283 i<samp.442 ... 449
/n/work02/yukanaku/YKANA/src/ReadIn.cpp 283 i<samp.443 ... 449
/n/work02/yukanaku/YKANA/src/ReadIn.cpp 283 i<samp.444 ... 449
/n/work02/yukanaku/YKANA/src/ReadIn.cpp 283 i<samp.445 ... 449
/n/work02/yukanaku/YKANA/src/ReadIn.cpp 283 i<samp.446 ... 449
/n/work02/yukanaku/YKANA/src/ReadIn.cpp 283 i<samp.447 ... 449
/n/work02/yukanaku/YKANA/src/ReadIn.cpp 283 i<samp.448 ... 449
/n/work02/yukanaku/YKANA/src/ReadIn.cpp 286 i==samp.449 ... 449
/n/work02/yukanaku/YKANA/src/ReadIn.cpp 283 i<samp.450 ... 465
/n/work02/yukanaku/YKANA/src/ReadIn.cpp 283 i<samp.451 ... 465
/n/work02/yukanaku/YKANA/src/ReadIn.cpp 283 i<samp.452 ... 465
/n/work02/yukanaku/YKANA/src/ReadIn.cpp 283 i<samp.453 ... 465
/n/work02/yukanaku/YKANA/src/ReadIn.cpp 283 i<samp.454 ... 465
/n/work02/yukanaku/YKANA/src/ReadIn.cpp 283 i<samp.455 ... 465
/n/work02/yukanaku/YKANA/src/ReadIn.cpp 283 i<samp.456 ... 465
/n/work02/yukanaku/YKANA/src/ReadIn.cpp 283 i<samp.457 ... 465
/n/work02/yukanaku/YKANA/src/ReadIn.cpp 283 i<samp.458 ... 465
/n/work02/yukanaku/YKANA/src/ReadIn.cpp 283 i<samp.459 ... 465
/n/work02/yukanaku/YKANA/src/ReadIn.cpp 283 i<samp.460 ... 465
/n/work02/yukanaku/YKANA/src/ReadIn.cpp 283 i<samp.461 ... 465
/n/work02/yukanaku/YKANA/src/ReadIn.cpp 283 i<samp.462 ... 465
/n/work02/yukanaku/YKANA/src/ReadIn.cpp 283 i<samp.463 ... 465
/n/work02/yukanaku/YKANA/src/ReadIn.cpp 283 i<samp.464 ... 465
/n/work02/yukanaku/YKANA/src/ReadIn.cpp 286 i==samp.465 ... 465
/n/work02/yukanaku/YKANA/src/ReadIn.cpp 283 i<samp.466 ... 467
/n/work02/yukanaku/YKANA/src/ReadIn.cpp 286 i==samp.467 ... 467
/n/work02/yukanaku/YKANA/src/ReadIn.cpp 283 i<samp.468 ... 477
/n/work02/yukanaku/YKANA/src/ReadIn.cpp 283 i<samp.469 ... 477
/n/work02/yukanaku/YKANA/src/ReadIn.cpp 283 i<samp.470 ... 477
/n/work02/yukanaku/YKANA/src/ReadIn.cpp 283 i<samp.471 ... 477
/n/work02/yukanaku/YKANA/src/ReadIn.cpp 283 i<samp.472 ... 477
/n/work02/yukanaku/YKANA/src/ReadIn.cpp 283 i<samp.473 ... 477
/n/work02/yukanaku/YKANA/src/ReadIn.cpp 283 i<samp.474 ... 477
/n/work02/yukanaku/YKANA/src/ReadIn.cpp 283 i<samp.475 ... 477
/n/work02/yukanaku/YKANA/src/ReadIn.cpp 283 i<samp.476 ... 477
/n/work02/yukanaku/YKANA/src/ReadIn.cpp 286 i==samp.477 ... 477
/n/work02/yukanaku/YKANA/src/ReadIn.cpp 283 i<samp.478 ... 499
/n/work02/yukanaku/YKANA/src/ReadIn.cpp 283 i<samp.479 ... 499
/n/work02/yukanaku/YKANA/src/ReadIn.cpp 283 i<samp.480 ... 499
/n/work02/yukanaku/YKANA/src/ReadIn.cpp 283 i<samp.481 ... 499
/n/work02/yukanaku/YKANA/src/ReadIn.cpp 283 i<samp.482 ... 499
/n/work02/yukanaku/YKANA/src/ReadIn.cpp 283 i<samp.483 ... 499
/n/work02/yukanaku/YKANA/src/ReadIn.cpp 283 i<samp.484 ... 499
/n/work02/yukanaku/YKANA/src/ReadIn.cpp 283 i<samp.485 ... 499
/n/work02/yukanaku/YKANA/src/ReadIn.cpp 283 i<samp.486 ... 499
/n/work02/yukanaku/YKANA/src/ReadIn.cpp 283 i<samp.487 ... 499
/n/work02/yukanaku/YKANA/src/ReadIn.cpp 283 i<samp.488 ... 499
/n/work02/yukanaku/YKANA/src/ReadIn.cpp 283 i<samp.489 ... 499
/n/work02/yukanaku/YKANA/src/ReadIn.cpp 283 i<samp.490 ... 499
/n/work02/yukanaku/YKANA/src/ReadIn.cpp 283 i<samp.491 ... 499
/n/work02/yukanaku/YKANA/src/ReadIn.cpp 283 i<samp.492 ... 499
/n/work02/yukanaku/YKANA/src/ReadIn.cpp 283 i<samp.493 ... 499
/n/work02/yukanaku/YKANA/src/ReadIn.cpp 283 i<samp.494 ... 499
/n/work02/yukanaku/YKANA/src/ReadIn.cpp 283 i<samp.495 ... 499
/n/work02/yukanaku/YKANA/src/ReadIn.cpp 283 i<samp.496 ... 499
/n/work02/yukanaku/YKANA/src/ReadIn.cpp 283 i<samp.497 ... 499
/n/work02/yukanaku/YKANA/src/ReadIn.cpp 283 i<samp.498 ... 499
/n/work02/yukanaku/YKANA/src/ReadIn.cpp 286 i==samp.499 ... 499
/n/work02/yukanaku/YKANA/src/ReadIn.cpp 286 i==samp.500 ... 500
/n/work02/yukanaku/YKANA/src/ReadIn.cpp 283 i<samp.501 ... 506
