MODE: twodm
Now EKRT format is assumed for input.
log 0
Calling Container.
Reading ;) 0 files..
:D 0% is done 
:D 10% is done 
:D 20% is done 
:D 30% is done 
:D 40% is done 
:D 50% is done 
:D 60% is done 
:D 70% is done 
:D 80% is done 
:D 90% is done 
(:3 = )3 ? /n/work02/yukanaku/YKANA/include/Analysis.h (282) 
write
:( /n/work02/yukanaku/YKANA/include/LogSettings.h (66) template:./YKANA
:( /n/work02/yukanaku/YKANA/include/LogSettings.h (66) template:-n
:( /n/work02/yukanaku/YKANA/include/LogSettings.h (66) template:1000
:( /n/work02/yukanaku/YKANA/include/LogSettings.h (66) template:-outdir
:( /n/work02/yukanaku/YKANA/include/LogSettings.h (66) template:TATA_MT_perjet_b0.01
:( /n/work02/yukanaku/YKANA/include/LogSettings.h (66) template:-dir
:( /n/work02/yukanaku/YKANA/include/LogSettings.h (66) template:/n/work02/yukanaku/mcaa-master/data/27Oct2023_b0.01_1000ev_fixedGlauber
:( /n/work02/yukanaku/YKANA/include/LogSettings.h (66) template:-f
:( /n/work02/yukanaku/YKANA/include/LogSettings.h (66) template:ev
:( /n/work02/yukanaku/YKANA/include/LogSettings.h (66) template:-ext
:( /n/work02/yukanaku/YKANA/include/LogSettings.h (66) template:EKRTminijet.txt
:( /n/work02/yukanaku/YKANA/include/LogSettings.h (66) template:--EKRTformat
/n/work02/yukanaku/YKANA/include/LogSettings.hlog 0
Calling Deconstructore of Container.
Done :) 
